# JRE version: OpenJDK Runtime Environment (11.0.15) (build 11.0.15+0-b2043.56-8887301)
# Java VM: OpenJDK 64-Bit Server VM (11.0.15+0-b2043.56-8887301, mixed mode, tiered, compressed oops, g1 gc, windows-amd64)
Heap:
 garbage-first heap   total 194560K, used 92860K [0x0000000080000000, 0x0000000100000000)
  region size 1024K, 40 young (40960K), 11 survivors (11264K)
 Metaspace       used 79256K, capacity 81268K, committed 81564K, reserved 1120256K
  class space    used 10399K, capacity 11183K, committed 11244K, reserved 1048576K
GC Heap History (20 events):
Event: 14.932 GC heap before
{Heap before GC invocations=1 (full 0):
 garbage-first heap   total 194560K, used 115493K [0x0000000080000000, 0x0000000100000000)
  region size 1024K, 108 young (110592K), 2 survivors (2048K)
 Metaspace       used 20814K, capacity 21187K, committed 21296K, reserved 1069056K
  class space    used 2524K, capacity 2685K, committed 2688K, reserved 1048576K
}
Event: 14.942 GC heap after
{Heap after GC invocations=2 (full 0):
 garbage-first heap   total 194560K, used 17040K [0x0000000080000000, 0x0000000100000000)
  region size 1024K, 12 young (12288K), 12 survivors (12288K)
 Metaspace       used 20814K, capacity 21187K, committed 21296K, reserved 1069056K
  class space    used 2524K, capacity 2685K, committed 2688K, reserved 1048576K
}
Event: 15.460 GC heap before
{Heap before GC invocations=3 (full 0):
 garbage-first heap   total 194560K, used 45712K [0x0000000080000000, 0x0000000100000000)
  region size 1024K, 40 young (40960K), 12 survivors (12288K)
 Metaspace       used 23777K, capacity 24323K, committed 24496K, reserved 1071104K
  class space    used 3001K, capacity 3226K, committed 3328K, reserved 1048576K
}
Event: 15.473 GC heap after
{Heap after GC invocations=4 (full 0):
 garbage-first heap   total 194560K, used 18863K [0x0000000080000000, 0x0000000100000000)
  region size 1024K, 2 young (2048K), 2 survivors (2048K)
 Metaspace       used 23777K, capacity 24323K, committed 24496K, reserved 1071104K
  class space    used 3001K, capacity 3226K, committed 3328K, reserved 1048576K
}
Event: 16.290 GC heap before
{Heap before GC invocations=4 (full 0):
 garbage-first heap   total 194560K, used 80303K [0x0000000080000000, 0x0000000100000000)
  region size 1024K, 62 young (63488K), 2 survivors (2048K)
 Metaspace       used 29677K, capacity 30362K, committed 30512K, reserved 1075200K
  class space    used 3934K, capacity 4206K, committed 4224K, reserved 1048576K
}
Event: 16.294 GC heap after
{Heap after GC invocations=5 (full 0):
 garbage-first heap   total 194560K, used 20616K [0x0000000080000000, 0x0000000100000000)
  region size 1024K, 4 young (4096K), 4 survivors (4096K)
 Metaspace       used 29677K, capacity 30362K, committed 30512K, reserved 1075200K
  class space    used 3934K, capacity 4206K, committed 4224K, reserved 1048576K
}
Event: 16.897 GC heap before
{Heap before GC invocations=5 (full 0):
 garbage-first heap   total 194560K, used 51336K [0x0000000080000000, 0x0000000100000000)
  region size 1024K, 35 young (35840K), 4 survivors (4096K)
 Metaspace       used 34912K, capacity 35734K, committed 35888K, reserved 1081344K
  class space    used 4558K, capacity 4889K, committed 4992K, reserved 1048576K
}
Event: 16.905 GC heap after
{Heap after GC invocations=6 (full 0):
 garbage-first heap   total 194560K, used 22869K [0x0000000080000000, 0x0000000100000000)
  region size 1024K, 6 young (6144K), 6 survivors (6144K)
 Metaspace       used 34912K, capacity 35734K, committed 35888K, reserved 1081344K
  class space    used 4558K, capacity 4889K, committed 4992K, reserved 1048576K
}
Event: 18.564 GC heap before
{Heap before GC invocations=7 (full 0):
 garbage-first heap   total 194560K, used 125269K [0x0000000080000000, 0x0000000100000000)
  region size 1024K, 104 young (106496K), 6 survivors (6144K)
 Metaspace       used 43875K, capacity 44968K, committed 45232K, reserved 1089536K
  class space    used 5632K, capacity 6034K, committed 6144K, reserved 1048576K
}
Event: 18.584 GC heap after
{Heap after GC invocations=8 (full 0):
 garbage-first heap   total 194560K, used 30326K [0x0000000080000000, 0x0000000100000000)
  region size 1024K, 13 young (13312K), 13 survivors (13312K)
 Metaspace       used 43875K, capacity 44968K, committed 45232K, reserved 1089536K
  class space    used 5632K, capacity 6034K, committed 6144K, reserved 1048576K
}
Event: 24.552 GC heap before
{Heap before GC invocations=8 (full 0):
 garbage-first heap   total 194560K, used 134774K [0x0000000080000000, 0x0000000100000000)
  region size 1024K, 111 young (113664K), 13 survivors (13312K)
 Metaspace       used 49944K, capacity 51390K, committed 51632K, reserved 1093632K
  class space    used 6326K, capacity 6878K, committed 6912K, reserved 1048576K
}
Event: 24.572 GC heap after
{Heap after GC invocations=9 (full 0):
 garbage-first heap   total 194560K, used 42729K [0x0000000080000000, 0x0000000100000000)
  region size 1024K, 11 young (11264K), 11 survivors (11264K)
 Metaspace       used 49944K, capacity 51390K, committed 51632K, reserved 1093632K
  class space    used 6326K, capacity 6878K, committed 6912K, reserved 1048576K
}
Event: 26.160 GC heap before
{Heap before GC invocations=9 (full 0):
 garbage-first heap   total 194560K, used 106217K [0x0000000080000000, 0x0000000100000000)
  region size 1024K, 74 young (75776K), 11 survivors (11264K)
 Metaspace       used 58602K, capacity 60178K, committed 60208K, reserved 1101824K
  class space    used 7439K, capacity 8061K, committed 8064K, reserved 1048576K
}
Event: 26.174 GC heap after
{Heap after GC invocations=10 (full 0):
 garbage-first heap   total 194560K, used 45891K [0x0000000080000000, 0x0000000100000000)
  region size 1024K, 4 young (4096K), 4 survivors (4096K)
 Metaspace       used 58602K, capacity 60178K, committed 60208K, reserved 1101824K
  class space    used 7439K, capacity 8061K, committed 8064K, reserved 1048576K
}
Event: 28.932 GC heap before
{Heap before GC invocations=11 (full 0):
 garbage-first heap   total 194560K, used 145219K [0x0000000080000000, 0x0000000100000000)
  region size 1024K, 93 young (95232K), 4 survivors (4096K)
 Metaspace       used 65290K, capacity 67037K, committed 67356K, reserved 1107968K
  class space    used 8294K, capacity 8959K, committed 9068K, reserved 1048576K
}
Event: 28.944 GC heap after
{Heap after GC invocations=12 (full 0):
 garbage-first heap   total 194560K, used 53285K [0x0000000080000000, 0x0000000100000000)
  region size 1024K, 11 young (11264K), 11 survivors (11264K)
 Metaspace       used 65290K, capacity 67037K, committed 67356K, reserved 1107968K
  class space    used 8294K, capacity 8959K, committed 9068K, reserved 1048576K
}
Event: 33.432 GC heap before
{Heap before GC invocations=12 (full 0):
 garbage-first heap   total 194560K, used 142373K [0x0000000080000000, 0x0000000100000000)
  region size 1024K, 98 young (100352K), 11 survivors (11264K)
 Metaspace       used 71275K, capacity 73099K, committed 73244K, reserved 1112064K
  class space    used 9271K, capacity 9965K, committed 10092K, reserved 1048576K
}
Event: 33.452 GC heap after
{Heap after GC invocations=13 (full 0):
 garbage-first heap   total 194560K, used 59068K [0x0000000080000000, 0x0000000100000000)
  region size 1024K, 6 young (6144K), 6 survivors (6144K)
 Metaspace       used 71275K, capacity 73099K, committed 73244K, reserved 1112064K
  class space    used 9271K, capacity 9965K, committed 10092K, reserved 1048576K
}
Event: 34.661 GC heap before
{Heap before GC invocations=13 (full 0):
 garbage-first heap   total 194560K, used 147132K [0x0000000080000000, 0x0000000100000000)
  region size 1024K, 92 young (94208K), 6 survivors (6144K)
 Metaspace       used 76049K, capacity 77930K, committed 77980K, reserved 1116160K
  class space    used 9975K, capacity 10684K, committed 10732K, reserved 1048576K
}
Event: 34.691 GC heap after
{Heap after GC invocations=14 (full 0):
 garbage-first heap   total 194560K, used 64188K [0x0000000080000000, 0x0000000100000000)
  region size 1024K, 11 young (11264K), 11 survivors (11264K)
 Metaspace       used 76049K, capacity 77930K, committed 77980K, reserved 1116160K
  class space    used 9975K, capacity 10684K, committed 10732K, reserved 1048576K
}

