# JRE version: OpenJDK Runtime Environment (11.0.15) (build 11.0.15+0-b2043.56-8887301)
# Java VM: OpenJDK 64-Bit Server VM (11.0.15+0-b2043.56-8887301, mixed mode, tiered, compressed oops, g1 gc, windows-amd64)
Heap:
 garbage-first heap   total 325632K, used 178786K [0x0000000080000000, 0x0000000100000000)
  region size 1024K, 51 young (52224K), 11 survivors (11264K)
 Metaspace       used 140235K, capacity 145867K, committed 146076K, reserved 1175552K
  class space    used 17095K, capacity 19067K, committed 19224K, reserved 1048576K
GC Heap History (20 events):
Event: 8827.961 GC heap before
{Heap before GC invocations=287 (full 0):
 garbage-first heap   total 325632K, used 205837K [0x0000000080000000, 0x0000000100000000)
  region size 1024K, 71 young (72704K), 2 survivors (2048K)
 Metaspace       used 139820K, capacity 145415K, committed 145436K, reserved 1175552K
  class space    used 17094K, capacity 19077K, committed 19096K, reserved 1048576K
}
Event: 8827.973 GC heap after
{Heap after GC invocations=288 (full 0):
 garbage-first heap   total 325632K, used 122399K [0x0000000080000000, 0x0000000100000000)
  region size 1024K, 7 young (7168K), 7 survivors (7168K)
 Metaspace       used 139820K, capacity 145415K, committed 145436K, reserved 1175552K
  class space    used 17094K, capacity 19077K, committed 19096K, reserved 1048576K
}
Event: 8830.261 GC heap before
{Heap before GC invocations=289 (full 0):
 garbage-first heap   total 325632K, used 256543K [0x0000000080000000, 0x0000000100000000)
  region size 1024K, 120 young (122880K), 7 survivors (7168K)
 Metaspace       used 139706K, capacity 145220K, committed 145436K, reserved 1175552K
  class space    used 17058K, capacity 19008K, committed 19096K, reserved 1048576K
}
Event: 8830.286 GC heap after
{Heap after GC invocations=290 (full 0):
 garbage-first heap   total 325632K, used 127759K [0x0000000080000000, 0x0000000100000000)
  region size 1024K, 12 young (12288K), 12 survivors (12288K)
 Metaspace       used 139706K, capacity 145220K, committed 145436K, reserved 1175552K
  class space    used 17058K, capacity 19008K, committed 19096K, reserved 1048576K
}
Event: 8830.301 GC heap before
{Heap before GC invocations=290 (full 0):
 garbage-first heap   total 325632K, used 130831K [0x0000000080000000, 0x0000000100000000)
  region size 1024K, 15 young (15360K), 12 survivors (12288K)
 Metaspace       used 139707K, capacity 145220K, committed 145436K, reserved 1175552K
  class space    used 17058K, capacity 19008K, committed 19096K, reserved 1048576K
}
Event: 8830.323 GC heap after
{Heap after GC invocations=291 (full 0):
 garbage-first heap   total 325632K, used 124826K [0x0000000080000000, 0x0000000100000000)
  region size 1024K, 2 young (2048K), 2 survivors (2048K)
 Metaspace       used 139707K, capacity 145220K, committed 145436K, reserved 1175552K
  class space    used 17058K, capacity 19008K, committed 19096K, reserved 1048576K
}
Event: 8830.371 GC heap before
{Heap before GC invocations=291 (full 0):
 garbage-first heap   total 325632K, used 129946K [0x0000000080000000, 0x0000000100000000)
  region size 1024K, 8 young (8192K), 2 survivors (2048K)
 Metaspace       used 139707K, capacity 145220K, committed 145436K, reserved 1175552K
  class space    used 17058K, capacity 19008K, committed 19096K, reserved 1048576K
}
Event: 8830.382 GC heap after
{Heap after GC invocations=292 (full 0):
 garbage-first heap   total 325632K, used 124163K [0x0000000080000000, 0x0000000100000000)
  region size 1024K, 1 young (1024K), 1 survivors (1024K)
 Metaspace       used 139707K, capacity 145220K, committed 145436K, reserved 1175552K
  class space    used 17058K, capacity 19008K, committed 19096K, reserved 1048576K
}
Event: 9235.690 GC heap before
{Heap before GC invocations=293 (full 0):
 garbage-first heap   total 325632K, used 258307K [0x0000000080000000, 0x0000000100000000)
  region size 1024K, 116 young (118784K), 1 survivors (1024K)
 Metaspace       used 139745K, capacity 145320K, committed 145820K, reserved 1175552K
  class space    used 17059K, capacity 19040K, committed 19224K, reserved 1048576K
}
Event: 9235.698 GC heap after
{Heap after GC invocations=294 (full 0):
 garbage-first heap   total 325632K, used 127572K [0x0000000080000000, 0x0000000100000000)
  region size 1024K, 5 young (5120K), 5 survivors (5120K)
 Metaspace       used 139745K, capacity 145320K, committed 145820K, reserved 1175552K
  class space    used 17059K, capacity 19040K, committed 19224K, reserved 1048576K
}
Event: 9235.804 GC heap before
{Heap before GC invocations=294 (full 0):
 garbage-first heap   total 325632K, used 137812K [0x0000000080000000, 0x0000000100000000)
  region size 1024K, 15 young (15360K), 5 survivors (5120K)
 Metaspace       used 139745K, capacity 145320K, committed 145820K, reserved 1175552K
  class space    used 17059K, capacity 19040K, committed 19224K, reserved 1048576K
}
Event: 9235.813 GC heap after
{Heap after GC invocations=295 (full 0):
 garbage-first heap   total 325632K, used 123011K [0x0000000080000000, 0x0000000100000000)
  region size 1024K, 2 young (2048K), 2 survivors (2048K)
 Metaspace       used 139745K, capacity 145320K, committed 145820K, reserved 1175552K
  class space    used 17059K, capacity 19040K, committed 19224K, reserved 1048576K
}
Event: 9235.855 GC heap before
{Heap before GC invocations=295 (full 0):
 garbage-first heap   total 325632K, used 131203K [0x0000000080000000, 0x0000000100000000)
  region size 1024K, 11 young (11264K), 2 survivors (2048K)
 Metaspace       used 139745K, capacity 145320K, committed 145820K, reserved 1175552K
  class space    used 17059K, capacity 19040K, committed 19224K, reserved 1048576K
}
Event: 9235.862 GC heap after
{Heap after GC invocations=296 (full 0):
 garbage-first heap   total 325632K, used 123384K [0x0000000080000000, 0x0000000100000000)
  region size 1024K, 3 young (3072K), 3 survivors (3072K)
 Metaspace       used 139745K, capacity 145320K, committed 145820K, reserved 1175552K
  class space    used 17059K, capacity 19040K, committed 19224K, reserved 1048576K
}
Event: 9279.940 GC heap before
{Heap before GC invocations=297 (full 0):
 garbage-first heap   total 325632K, used 231928K [0x0000000080000000, 0x0000000100000000)
  region size 1024K, 108 young (110592K), 3 survivors (3072K)
 Metaspace       used 139983K, capacity 145611K, committed 145820K, reserved 1175552K
  class space    used 17082K, capacity 19067K, committed 19224K, reserved 1048576K
}
Event: 9279.959 GC heap after
{Heap after GC invocations=298 (full 0):
 garbage-first heap   total 325632K, used 130524K [0x0000000080000000, 0x0000000100000000)
  region size 1024K, 10 young (10240K), 10 survivors (10240K)
 Metaspace       used 139983K, capacity 145611K, committed 145820K, reserved 1175552K
  class space    used 17082K, capacity 19067K, committed 19224K, reserved 1048576K
}
Event: 9281.385 GC heap before
{Heap before GC invocations=298 (full 0):
 garbage-first heap   total 325632K, used 135644K [0x0000000080000000, 0x0000000100000000)
  region size 1024K, 15 young (15360K), 10 survivors (10240K)
 Metaspace       used 140046K, capacity 145739K, committed 146076K, reserved 1175552K
  class space    used 17088K, capacity 19067K, committed 19224K, reserved 1048576K
}
Event: 9281.398 GC heap after
{Heap after GC invocations=299 (full 0):
 garbage-first heap   total 325632K, used 119040K [0x0000000080000000, 0x0000000100000000)
  region size 1024K, 2 young (2048K), 2 survivors (2048K)
 Metaspace       used 140046K, capacity 145739K, committed 146076K, reserved 1175552K
  class space    used 17088K, capacity 19067K, committed 19224K, reserved 1048576K
}
Event: 9285.758 GC heap before
{Heap before GC invocations=299 (full 0):
 garbage-first heap   total 325632K, used 173312K [0x0000000080000000, 0x0000000100000000)
  region size 1024K, 57 young (58368K), 2 survivors (2048K)
 Metaspace       used 140149K, capacity 145803K, committed 146076K, reserved 1175552K
  class space    used 17089K, capacity 19067K, committed 19224K, reserved 1048576K
}
Event: 9285.787 GC heap after
{Heap after GC invocations=300 (full 0):
 garbage-first heap   total 325632K, used 128610K [0x0000000080000000, 0x0000000100000000)
  region size 1024K, 11 young (11264K), 11 survivors (11264K)
 Metaspace       used 140149K, capacity 145803K, committed 146076K, reserved 1175552K
  class space    used 17089K, capacity 19067K, committed 19224K, reserved 1048576K
}

